<?xml version="1.0" encoding="UTF-8"?>
<!-- Generated by org.testng.reporters.JUnitXMLReporter -->
<testsuite ignored="1" hostname="DESKTOP-E3N85P3" failures="1" tests="13" name="Test" time="47.114" errors="0" timestamp="2022-08-13T09:54:10 IST">
  <testcase classname="test_1.test_5_2" name="login" time="0.023">
    <failure type="java.lang.AssertionError" message="expected [true] but found [false]">
      <![CDATA[java.lang.AssertionError: expected [true] but found [false]
at test_1.test_5_2.login(test_5_2.java:9)
at java.base/java.util.ArrayList.forEach(ArrayList.java:1511)
... Removed 29 stack frames]]>
    </failure>
  </testcase> <!-- login -->
  <testcase classname="test_1.test_5_2" name="Home_page" time="0.0">
    <skipped/>
  </testcase> <!-- Home_page -->
  <testcase classname="test_1.test_5_2" name="forgotten_pass" time="0.003"/>
  <testcase classname="test_1.test_5" name="username_test" time="0.002"/>
  <testcase classname="test_1.test_5" name="pass_test" time="0.003"/>
  <testcase classname="test_1.test_5" name="login_btn" time="0.007"/>
  <testcase classname="test_1.test_5_1" name="username_test" time="0.002"/>
  <testcase classname="test_1.test_5_1" name="username_test" time="0.006"/>
  <testcase classname="test_1.test_5_1" name="username_test" time="0.005"/>
  <testcase classname="test_1.test_5_1" name="pass_test" time="0.005"/>
  <testcase classname="test_1.test_4" name="login_click" time="0.441"/>
  <testcase classname="test_1.test_4" name="pass_test" time="0.041"/>
  <testcase classname="test_1.test_4" name="username_test" time="0.03"/>
  <testcase classname="test_1.test_5_1" name="login_btn" time="0.0">
    <ignored/>
  </testcase> <!-- login_btn -->
</testsuite> <!-- Test -->
