<?xml version="1.0" encoding="UTF-8"?>
<!-- Generated by org.testng.reporters.JUnitXMLReporter -->
<testsuite ignored="0" hostname="DESKTOP-E3N85P3" failures="0" tests="1" name="Test_edge" time="0.044" errors="0" timestamp="2022-08-17T10:10:43 IST">
  <testcase classname="test_3.Base_test" name="@BeforeMethod BM" time="0.001">
    <failure type="java.lang.NullPointerException" message="Cannot invoke &amp;quot;org.openqa.selenium.WebDriver.get(String)&amp;quot; because &amp;quot;this.driver&amp;quot; is null">
      <![CDATA[java.lang.NullPointerException: Cannot invoke "org.openqa.selenium.WebDriver.get(String)" because "this.driver" is null
at test_3.Base_test.BM(Base_test.java:29)
at java.base/java.util.ArrayList.forEach(ArrayList.java:1511)
... Removed 29 stack frames]]>
    </failure>
  </testcase> <!-- @BeforeMethod BM -->
  <testcase classname="test_3.Base_test" name="@AfterMethod AF" time="-1.660711243739E9">
    <skipped/>
  </testcase> <!-- @AfterMethod AF -->
  <testcase classname="test_3.test_1" name="test1" time="0.0">
    <skipped/>
  </testcase> <!-- test1 -->
</testsuite> <!-- Test_edge -->
