<?xml version="1.0" encoding="UTF-8"?>
<!-- Generated by org.testng.reporters.JUnitXMLReporter -->
<testsuite ignored="1" hostname="DESKTOP-E3N85P3" failures="0" tests="2" name="Test_chrome" time="19.47" errors="0" timestamp="2022-08-17T10:37:55 IST">
  <testcase classname="test_3.test_1" name="test3" time="0.021"/>
  <testcase classname="test_3.test_1" name="test2" time="0.003"/>
  <testcase classname="test_3.test_1" name="test1" time="0.0">
    <ignored/>
  </testcase> <!-- test1 -->
</testsuite> <!-- Test_chrome -->
