<?xml version="1.0" encoding="UTF-8"?>
<!-- Generated by org.testng.reporters.JUnitXMLReporter -->
<testsuite ignored="0" hostname="DESKTOP-E3N85P3" failures="0" tests="4" name="Test" time="0.11" errors="0" timestamp="2022-08-16T14:20:48 IST">
  <testcase classname="test_1.test_6" name="test_A" time="0.017"/>
  <testcase classname="test_1.test_6" name="test_B" time="0.003"/>
  <testcase classname="test_1.test_6" name="test_C" time="0.004"/>
  <testcase classname="test_1.test_6" name="test_D" time="0.007"/>
</testsuite> <!-- Test -->
